TN:
SF:D:\laba3\src\index.js
FN:8,returnFirstArgument
FN:18,defaultParameterValue
FN:28,returnArgumentsArray
FN:41,returnFnResult
FN:51,returnCounter
FN:52,F
FN:63,forEach
FN:74,map
FN:86,reduce
FN:101,deleteProperty
FN:110,hasProperty
FN:121,getEnumProps
FN:133,upperProps
FN:155,isAllTrue
FN:201,isSomeTrue
FN:234,returnBadArguments
FN:264,calculator
FN:271,(anonymous_17)
FN:280,(anonymous_18)
FN:289,(anonymous_19)
FN:298,(anonymous_20)
FNF:21
FNH:21
FNDA:1,returnFirstArgument
FNDA:2,defaultParameterValue
FNDA:2,returnArgumentsArray
FNDA:1,returnFnResult
FNDA:3,returnCounter
FNDA:6,F
FNDA:3,forEach
FNDA:5,map
FNDA:11,reduce
FNDA:1,deleteProperty
FNDA:2,hasProperty
FNDA:1,getEnumProps
FNDA:1,upperProps
FNDA:5,isAllTrue
FNDA:4,isSomeTrue
FNDA:4,returnBadArguments
FNDA:8,calculator
FNDA:2,(anonymous_17)
FNDA:1,(anonymous_18)
FNDA:2,(anonymous_19)
FNDA:1,(anonymous_20)
DA:9,1
DA:19,2
DA:29,2
DA:30,2
DA:31,9
DA:33,2
DA:42,1
DA:52,3
DA:53,6
DA:64,3
DA:66,21
DA:75,5
DA:76,5
DA:77,29
DA:79,5
DA:87,11
DA:88,11
DA:89,11
DA:90,48
DA:93,11
DA:102,1
DA:111,2
DA:112,1
DA:114,1
DA:122,1
DA:123,1
DA:124,2
DA:126,1
DA:134,1
DA:135,1
DA:136,2
DA:137,2
DA:139,1
DA:156,5
DA:157,5
DA:159,5
DA:160,2
DA:161,3
DA:162,1
DA:164,2
DA:165,10
DA:177,10
DA:178,0
DA:180,10
DA:183,10
DA:184,2
DA:185,8
DA:186,0
DA:202,4
DA:204,4
DA:205,2
DA:206,2
DA:207,1
DA:210,1
DA:211,8
DA:212,8
DA:213,1
DA:217,1
DA:218,0
DA:219,1
DA:221,1
DA:235,4
DA:236,4
DA:237,4
DA:238,1
DA:240,3
DA:241,19
DA:242,19
DA:244,6
DA:247,3
DA:266,8
DA:267,1
DA:270,7
DA:272,2
DA:276,9
DA:278,2
DA:281,1
DA:285,7
DA:287,1
DA:290,2
DA:291,15
DA:292,1
DA:294,14
DA:296,1
DA:299,1
DA:303,4
DA:305,1
DA:308,7
LF:88
LH:85
BRDA:18,0,0,1
BRDA:51,1,0,2
BRDA:87,2,0,11
BRDA:87,2,1,7
BRDA:88,3,0,4
BRDA:88,3,1,7
BRDA:111,4,0,1
BRDA:111,4,1,1
BRDA:159,5,0,2
BRDA:159,5,1,3
BRDA:159,6,0,5
BRDA:159,6,1,4
BRDA:161,7,0,1
BRDA:161,7,1,2
BRDA:177,8,0,0
BRDA:177,8,1,10
BRDA:183,9,0,2
BRDA:183,9,1,8
BRDA:185,10,0,0
BRDA:185,10,1,8
BRDA:204,11,0,2
BRDA:204,11,1,2
BRDA:204,12,0,4
BRDA:204,12,1,3
BRDA:206,13,0,1
BRDA:206,13,1,1
BRDA:212,14,0,1
BRDA:212,14,1,7
BRDA:217,15,0,0
BRDA:217,15,1,1
BRDA:237,16,0,1
BRDA:237,16,1,3
BRDA:264,17,0,2
BRDA:266,18,0,1
BRDA:266,18,1,7
BRDA:291,19,0,1
BRDA:291,19,1,14
BRF:37
BRH:34
end_of_record
