TN:
SF:D:\laba3\src\index.js
FN:8,returnFirstArgument
FN:18,defaultParameterValue
FN:31,returnArgumentsArray
FN:44,returnFnResult
FN:54,returnCounter
FN:56,F
FN:70,forEach
FN:81,map
FN:93,reduce
FN:108,deleteProperty
FN:117,hasProperty
FN:128,getEnumProps
FN:140,upperProps
FN:162,isAllTrue
FN:190,isSomeTrue
FN:214,returnBadArguments
FN:248,calculator
FN:258,(anonymous_17)
FN:264,(anonymous_18)
FN:270,(anonymous_19)
FN:279,(anonymous_20)
FNF:21
FNH:21
FNDA:1,returnFirstArgument
FNDA:2,defaultParameterValue
FNDA:2,returnArgumentsArray
FNDA:1,returnFnResult
FNDA:3,returnCounter
FNDA:6,F
FNDA:3,forEach
FNDA:5,map
FNDA:11,reduce
FNDA:1,deleteProperty
FNDA:2,hasProperty
FNDA:1,getEnumProps
FNDA:1,upperProps
FNDA:5,isAllTrue
FNDA:4,isSomeTrue
FNDA:4,returnBadArguments
FNDA:8,calculator
FNDA:2,(anonymous_17)
FNDA:1,(anonymous_18)
FNDA:2,(anonymous_19)
FNDA:1,(anonymous_20)
DA:9,1
DA:20,2
DA:21,2
DA:32,2
DA:33,2
DA:34,8
DA:36,2
DA:45,1
DA:55,3
DA:56,3
DA:57,6
DA:58,6
DA:59,0
DA:71,3
DA:73,19
DA:82,5
DA:83,5
DA:84,33
DA:86,5
DA:94,11
DA:95,11
DA:96,11
DA:97,68
DA:100,11
DA:109,1
DA:118,2
DA:119,1
DA:121,1
DA:129,1
DA:130,1
DA:131,2
DA:133,1
DA:141,1
DA:142,1
DA:143,2
DA:144,2
DA:146,1
DA:163,5
DA:164,2
DA:166,3
DA:167,1
DA:170,2
DA:173,2
DA:174,11
DA:175,0
DA:178,2
DA:191,4
DA:192,2
DA:194,2
DA:195,1
DA:198,1
DA:199,7
DA:200,1
DA:215,4
DA:217,4
DA:218,1
DA:220,3
DA:221,1
DA:224,2
DA:225,17
DA:226,17
DA:228,4
DA:231,2
DA:250,8
DA:252,8
DA:253,1
DA:257,7
DA:259,2
DA:260,12
DA:262,2
DA:265,1
DA:266,10
DA:268,1
DA:271,2
DA:272,9
DA:273,1
DA:275,8
DA:277,1
DA:280,1
DA:281,8
DA:283,1
LF:81
LH:79
BRDA:20,0,0,1
BRDA:20,0,1,1
BRDA:55,1,0,2
BRDA:55,1,1,1
BRDA:58,2,0,6
BRDA:58,2,1,0
BRDA:94,3,0,11
BRDA:94,3,1,7
BRDA:95,4,0,4
BRDA:95,4,1,7
BRDA:118,5,0,1
BRDA:118,5,1,1
BRDA:163,6,0,2
BRDA:163,6,1,3
BRDA:163,7,0,5
BRDA:163,7,1,4
BRDA:166,8,0,1
BRDA:166,8,1,2
BRDA:174,9,0,0
BRDA:174,9,1,11
BRDA:191,10,0,2
BRDA:191,10,1,2
BRDA:191,11,0,4
BRDA:191,11,1,3
BRDA:194,12,0,1
BRDA:194,12,1,1
BRDA:199,13,0,1
BRDA:199,13,1,6
BRDA:217,14,0,1
BRDA:217,14,1,3
BRDA:220,15,0,1
BRDA:220,15,1,2
BRDA:250,16,0,8
BRDA:250,16,1,2
BRDA:252,17,0,1
BRDA:252,17,1,7
BRDA:272,18,0,1
BRDA:272,18,1,8
BRF:38
BRH:36
end_of_record
